<?xml version="1.0" encoding="UTF-8"?>
<testng-results ignored="0" total="1" passed="1" failed="0" skipped="0">
  <reporter-output>
  </reporter-output>
  <suite started-at="2026-01-09T15:44:37 IST" name="Default suite" finished-at="2026-01-09T15:44:48 IST" duration-ms="11253">
    <groups>
    </groups>
    <test started-at="2026-01-09T15:44:37 IST" name="Default test" finished-at="2026-01-09T15:44:48 IST" duration-ms="11253">
      <class name="com.procam.test.VolunteerLoginPageTest">
        <test-method is-config="true" signature="loadConfig()[pri:0, instance:com.procam.test.VolunteerLoginPageTest@68878f6d]" started-at="2026-01-09T15:44:36 IST" name="loadConfig" finished-at="2026-01-09T15:44:36 IST" duration-ms="12" status="PASS">
          <reporter-output>
          </reporter-output>
        </test-method> <!-- loadConfig -->
        <test-method is-config="true" signature="setupSuit()[pri:0, instance:com.procam.test.VolunteerLoginPageTest@68878f6d]" started-at="2026-01-09T15:44:36 IST" name="setupSuit" finished-at="2026-01-09T15:44:37 IST" depends-on-methods="com.procam.base.BaseClass.loadConfig" duration-ms="127" status="PASS">
          <reporter-output>
          </reporter-output>
        </test-method> <!-- setupSuit -->
        <test-method is-config="true" signature="setup()[pri:0, instance:com.procam.test.VolunteerLoginPageTest@68878f6d]" started-at="2026-01-09T15:44:37 IST" name="setup" finished-at="2026-01-09T15:44:41 IST" duration-ms="4891" status="PASS">
          <reporter-output>
          </reporter-output>
        </test-method> <!-- setup -->
        <test-method signature="verifiyVoulnteerLogin(java.util.Map)[pri:0, instance:com.procam.test.VolunteerLoginPageTest@68878f6d]" started-at="2026-01-09T15:44:43 IST" name="verifiyVoulnteerLogin" data-provider="fullFlowData" finished-at="2026-01-09T15:44:48 IST" duration-ms="4222" status="PASS">
          <params>
            <param index="0">
              <value>
                <![CDATA[{emailId=mahi2@yopmail.com, otp=0, userType=myself}]]>
              </value>
            </param>
          </params>
          <reporter-output>
          </reporter-output>
        </test-method> <!-- verifiyVoulnteerLogin -->
        <test-method is-config="true" signature="closeSuite()[pri:0, instance:com.procam.test.VolunteerLoginPageTest@68878f6d]" started-at="2026-01-09T15:44:48 IST" name="closeSuite" finished-at="2026-01-09T15:44:48 IST" duration-ms="434" status="PASS">
          <reporter-output>
          </reporter-output>
        </test-method> <!-- closeSuite -->
      </class> <!-- com.procam.test.VolunteerLoginPageTest -->
    </test> <!-- Default test -->
  </suite> <!-- Default suite -->
</testng-results>
