<?xml version="1.0" encoding="UTF-8"?>
<testng-results ignored="0" total="1" passed="1" failed="0" skipped="0">
  <reporter-output>
  </reporter-output>
  <suite started-at="2024-10-18T17:12:42 IST" name="Default suite" finished-at="2024-10-18T17:12:57 IST" duration-ms="15516">
    <groups>
    </groups>
    <test started-at="2024-10-18T17:12:42 IST" name="Default test" finished-at="2024-10-18T17:12:57 IST" duration-ms="15516">
      <class name="com.hdorRegistrationProcess.DashboardPageTest">
        <test-method is-config="true" signature="loadConfig()[pri:0, instance:com.hdorRegistrationProcess.DashboardPageTest@7bba5817]" started-at="2024-10-18T17:12:42 IST" name="loadConfig" finished-at="2024-10-18T17:12:42 IST" duration-ms="15" status="PASS">
          <reporter-output>
          </reporter-output>
        </test-method> <!-- loadConfig -->
        <test-method is-config="true" signature="setup()[pri:0, instance:com.hdorRegistrationProcess.DashboardPageTest@7bba5817]" started-at="2024-10-18T17:12:42 IST" name="setup" finished-at="2024-10-18T17:12:45 IST" duration-ms="3265" status="PASS">
          <reporter-output>
          </reporter-output>
        </test-method> <!-- setup -->
        <test-method signature="verifySelectedEvent()[pri:0, instance:com.hdorRegistrationProcess.DashboardPageTest@7bba5817]" started-at="2024-10-18T17:12:45 IST" name="verifySelectedEvent" finished-at="2024-10-18T17:12:57 IST" duration-ms="12186" status="PASS">
          <reporter-output>
          </reporter-output>
        </test-method> <!-- verifySelectedEvent -->
      </class> <!-- com.hdorRegistrationProcess.DashboardPageTest -->
    </test> <!-- Default test -->
  </suite> <!-- Default suite -->
</testng-results>
