<?xml version="1.0" encoding="UTF-8"?>
<testng-results ignored="0" total="1" passed="1" failed="0" skipped="0">
  <reporter-output>
  </reporter-output>
  <suite started-at="2024-11-04T16:05:39 IST" name="Default suite" finished-at="2024-11-04T16:05:51 IST" duration-ms="11833">
    <groups>
    </groups>
    <test started-at="2024-11-04T16:05:39 IST" name="Default test" finished-at="2024-11-04T16:05:51 IST" duration-ms="11833">
      <class name="com.hdorRegistrationProcess.EndToEndTest">
        <test-method is-config="true" signature="loadConfig()[pri:0, instance:com.hdorRegistrationProcess.EndToEndTest@4b29d1d2]" started-at="2024-11-04T16:05:38 IST" name="loadConfig" finished-at="2024-11-04T16:05:39 IST" duration-ms="714" status="PASS">
          <reporter-output>
          </reporter-output>
        </test-method> <!-- loadConfig -->
        <test-method is-config="true" signature="setup()[pri:0, instance:com.hdorRegistrationProcess.EndToEndTest@4b29d1d2]" started-at="2024-11-04T16:05:39 IST" name="setup" finished-at="2024-11-04T16:05:44 IST" duration-ms="4545" status="PASS">
          <reporter-output>
          </reporter-output>
        </test-method> <!-- setup -->
        <test-method signature="verifyLogin()[pri:0, instance:com.hdorRegistrationProcess.EndToEndTest@4b29d1d2]" started-at="2024-11-04T16:05:44 IST" name="verifyLogin" finished-at="2024-11-04T16:05:51 IST" duration-ms="7226" status="PASS">
          <reporter-output>
          </reporter-output>
        </test-method> <!-- verifyLogin -->
        <test-method is-config="true" signature="afterSuite()[pri:0, instance:com.hdorRegistrationProcess.EndToEndTest@4b29d1d2]" started-at="2024-11-04T16:05:51 IST" name="afterSuite" finished-at="2024-11-04T16:05:51 IST" duration-ms="605" status="PASS">
          <reporter-output>
          </reporter-output>
        </test-method> <!-- afterSuite -->
      </class> <!-- com.hdorRegistrationProcess.EndToEndTest -->
    </test> <!-- Default test -->
  </suite> <!-- Default suite -->
</testng-results>
