<?xml version="1.0" encoding="UTF-8"?>
<testng-results ignored="0" total="1" passed="1" failed="0" skipped="0">
  <reporter-output>
  </reporter-output>
  <suite started-at="2024-12-19T16:16:43 IST" name="Default suite" finished-at="2024-12-19T16:17:08 IST" duration-ms="25629">
    <groups>
    </groups>
    <test started-at="2024-12-19T16:16:43 IST" name="Default test" finished-at="2024-12-19T16:17:08 IST" duration-ms="25629">
      <class name="com.hdorRegistrationProcess.LoginPageTest">
        <test-method is-config="true" signature="loadConfig()[pri:0, instance:com.hdorRegistrationProcess.LoginPageTest@18271936]" started-at="2024-12-19T16:16:42 IST" name="loadConfig" finished-at="2024-12-19T16:16:43 IST" duration-ms="586" status="PASS">
          <reporter-output>
          </reporter-output>
        </test-method> <!-- loadConfig -->
        <test-method is-config="true" signature="setup()[pri:0, instance:com.hdorRegistrationProcess.LoginPageTest@18271936]" started-at="2024-12-19T16:16:43 IST" name="setup" finished-at="2024-12-19T16:16:46 IST" duration-ms="3319" status="PASS">
          <reporter-output>
          </reporter-output>
        </test-method> <!-- setup -->
        <test-method signature="verifyLogin()[pri:0, instance:com.hdorRegistrationProcess.LoginPageTest@18271936]" started-at="2024-12-19T16:16:46 IST" name="verifyLogin" finished-at="2024-12-19T16:17:08 IST" duration-ms="22246" status="PASS">
          <reporter-output>
          </reporter-output>
        </test-method> <!-- verifyLogin -->
        <test-method is-config="true" signature="afterSuite()[pri:0, instance:com.hdorRegistrationProcess.LoginPageTest@18271936]" started-at="2024-12-19T16:17:08 IST" name="afterSuite" finished-at="2024-12-19T16:17:09 IST" duration-ms="428" status="PASS">
          <reporter-output>
          </reporter-output>
        </test-method> <!-- afterSuite -->
      </class> <!-- com.hdorRegistrationProcess.LoginPageTest -->
    </test> <!-- Default test -->
  </suite> <!-- Default suite -->
</testng-results>
