<?xml version="1.0" encoding="UTF-8"?>
<testng-results ignored="0" total="1" passed="1" failed="0" skipped="0">
  <reporter-output>
  </reporter-output>
  <suite started-at="2024-11-06T15:16:46 IST" name="Suite" finished-at="2024-11-06T15:17:01 IST" duration-ms="14404">
    <groups>
    </groups>
    <test started-at="2024-11-06T15:16:46 IST" name="Test" finished-at="2024-11-06T15:17:01 IST" duration-ms="14404">
      <class name="com.hdorRegistrationProcess.EndToEndTest">
        <test-method is-config="true" signature="loadConfig()[pri:0, instance:com.hdorRegistrationProcess.EndToEndTest@413d1baf]" started-at="2024-11-06T15:16:46 IST" name="loadConfig" finished-at="2024-11-06T15:16:46 IST" duration-ms="878" status="PASS">
          <reporter-output>
          </reporter-output>
        </test-method> <!-- loadConfig -->
        <test-method is-config="true" signature="setup()[pri:0, instance:com.hdorRegistrationProcess.EndToEndTest@413d1baf]" started-at="2024-11-06T15:16:47 IST" name="setup" finished-at="2024-11-06T15:16:52 IST" duration-ms="5550" status="PASS">
          <reporter-output>
          </reporter-output>
        </test-method> <!-- setup -->
        <test-method signature="verifyLogin()[pri:0, instance:com.hdorRegistrationProcess.EndToEndTest@413d1baf]" started-at="2024-11-06T15:16:52 IST" name="verifyLogin" finished-at="2024-11-06T15:17:01 IST" duration-ms="8771" status="PASS">
          <reporter-output>
          </reporter-output>
        </test-method> <!-- verifyLogin -->
        <test-method is-config="true" signature="afterSuite()[pri:0, instance:com.hdorRegistrationProcess.EndToEndTest@413d1baf]" started-at="2024-11-06T15:17:01 IST" name="afterSuite" finished-at="2024-11-06T15:17:02 IST" duration-ms="1097" status="PASS">
          <reporter-output>
          </reporter-output>
        </test-method> <!-- afterSuite -->
      </class> <!-- com.hdorRegistrationProcess.EndToEndTest -->
    </test> <!-- Test -->
  </suite> <!-- Suite -->
</testng-results>
