<?xml version="1.0" encoding="UTF-8"?>
<testng-results ignored="0" total="1" passed="1" failed="0" skipped="0">
  <reporter-output>
  </reporter-output>
  <suite started-at="2024-12-04T12:26:50 IST" name="Suite" finished-at="2024-12-04T12:27:05 IST" duration-ms="14636">
    <groups>
    </groups>
    <test started-at="2024-12-04T12:26:50 IST" name="Test" finished-at="2024-12-04T12:27:05 IST" duration-ms="14636">
      <class name="com.hdorRegistrationProcess.EndToEndTest">
        <test-method is-config="true" signature="loadConfig()[pri:0, instance:com.hdorRegistrationProcess.EndToEndTest@645aa696]" started-at="2024-12-04T12:26:49 IST" name="loadConfig" finished-at="2024-12-04T12:26:50 IST" duration-ms="747" status="PASS">
          <reporter-output>
          </reporter-output>
        </test-method> <!-- loadConfig -->
        <test-method is-config="true" signature="setup()[pri:0, instance:com.hdorRegistrationProcess.EndToEndTest@645aa696]" started-at="2024-12-04T12:26:50 IST" name="setup" finished-at="2024-12-04T12:26:57 IST" duration-ms="7065" status="PASS">
          <reporter-output>
          </reporter-output>
        </test-method> <!-- setup -->
        <test-method signature="verifyLogin()[pri:0, instance:com.hdorRegistrationProcess.EndToEndTest@645aa696]" started-at="2024-12-04T12:26:57 IST" name="verifyLogin" finished-at="2024-12-04T12:27:04 IST" duration-ms="7490" status="PASS">
          <reporter-output>
          </reporter-output>
        </test-method> <!-- verifyLogin -->
        <test-method is-config="true" signature="afterSuite()[pri:0, instance:com.hdorRegistrationProcess.EndToEndTest@645aa696]" started-at="2024-12-04T12:27:05 IST" name="afterSuite" finished-at="2024-12-04T12:27:05 IST" duration-ms="534" status="PASS">
          <reporter-output>
          </reporter-output>
        </test-method> <!-- afterSuite -->
      </class> <!-- com.hdorRegistrationProcess.EndToEndTest -->
    </test> <!-- Test -->
  </suite> <!-- Suite -->
</testng-results>
