<?xml version="1.0" encoding="UTF-8"?>
<testng-results ignored="0" total="1" passed="1" failed="0" skipped="0">
  <reporter-output>
  </reporter-output>
  <suite started-at="2024-10-30T15:19:39 IST" name="Suite" finished-at="2024-10-30T15:19:50 IST" duration-ms="10795">
    <groups>
    </groups>
    <test started-at="2024-10-30T15:19:39 IST" name="Test" finished-at="2024-10-30T15:19:50 IST" duration-ms="10795">
      <class name="com.hdorRegistrationProcess.EndToEndTest">
        <test-method is-config="true" signature="loadConfig()[pri:0, instance:com.hdorRegistrationProcess.EndToEndTest@6caf0677]" started-at="2024-10-30T15:19:39 IST" name="loadConfig" finished-at="2024-10-30T15:19:39 IST" duration-ms="549" status="PASS">
          <reporter-output>
          </reporter-output>
        </test-method> <!-- loadConfig -->
        <test-method is-config="true" signature="setup()[pri:0, instance:com.hdorRegistrationProcess.EndToEndTest@6caf0677]" started-at="2024-10-30T15:19:39 IST" name="setup" finished-at="2024-10-30T15:19:43 IST" duration-ms="3452" status="PASS">
          <reporter-output>
          </reporter-output>
        </test-method> <!-- setup -->
        <test-method signature="verifyLogin()[pri:0, instance:com.hdorRegistrationProcess.EndToEndTest@6caf0677]" started-at="2024-10-30T15:19:43 IST" name="verifyLogin" finished-at="2024-10-30T15:19:50 IST" duration-ms="7276" status="PASS">
          <reporter-output>
          </reporter-output>
        </test-method> <!-- verifyLogin -->
        <test-method is-config="true" signature="afterSuite()[pri:0, instance:com.hdorRegistrationProcess.EndToEndTest@6caf0677]" started-at="2024-10-30T15:19:50 IST" name="afterSuite" finished-at="2024-10-30T15:19:51 IST" duration-ms="633" status="PASS">
          <reporter-output>
          </reporter-output>
        </test-method> <!-- afterSuite -->
      </class> <!-- com.hdorRegistrationProcess.EndToEndTest -->
    </test> <!-- Test -->
  </suite> <!-- Suite -->
</testng-results>
