<?xml version="1.0" encoding="UTF-8"?>
<testng-results ignored="0" total="1" passed="1" failed="0" skipped="0">
  <reporter-output>
  </reporter-output>
  <suite started-at="2025-08-21T18:19:21 IST" name="NopCommerce BDD Suite" finished-at="2025-08-21T18:19:49 IST" duration-ms="28188">
    <groups>
      <group name="cucumber">
        <method signature="AbstractTestNGCucumberTests.runScenario(io.cucumber.testng.PickleWrapper,io.cucumber.testng.FeatureWrapper)[pri:0, instance:com.nop.runner.TestRunner@2d1ef81a]" name="runScenario" class="io.cucumber.testng.AbstractTestNGCucumberTests"/>
      </group> <!-- cucumber -->
    </groups>
    <test started-at="2025-08-21T18:19:21 IST" name="Login Test" finished-at="2025-08-21T18:19:49 IST" duration-ms="28188">
      <class name="com.nop.runner.TestRunner">
        <test-method is-config="true" signature="setUpClass(org.testng.ITestContext)[pri:0, instance:com.nop.runner.TestRunner@2d1ef81a]" started-at="2025-08-21T18:19:21 IST" name="setUpClass" finished-at="2025-08-21T18:19:21 IST" duration-ms="348" status="PASS">
          <params>
            <param index="0">
              <value>
                <![CDATA[org.testng.TestRunner@d5bb1c4]]>
              </value>
            </param>
          </params>
          <reporter-output>
          </reporter-output>
        </test-method> <!-- setUpClass -->
        <test-method signature="runScenario(io.cucumber.testng.PickleWrapper,io.cucumber.testng.FeatureWrapper)[pri:0, instance:com.nop.runner.TestRunner@2d1ef81a]" started-at="2025-08-21T18:19:21 IST" name="runScenario" description="Runs Cucumber Scenarios" data-provider="scenarios" finished-at="2025-08-21T18:19:47 IST" duration-ms="25731" status="PASS">
          <params>
            <param index="0">
              <value>
                <![CDATA["Successful Login with valid credentials"]]>
              </value>
            </param>
            <param index="1">
              <value>
                <![CDATA["Login"]]>
              </value>
            </param>
          </params>
          <reporter-output>
          </reporter-output>
        </test-method> <!-- runScenario -->
        <test-method is-config="true" signature="tearDownClass()[pri:0, instance:com.nop.runner.TestRunner@2d1ef81a]" started-at="2025-08-21T18:19:47 IST" name="tearDownClass" finished-at="2025-08-21T18:19:49 IST" duration-ms="2064" status="PASS">
          <reporter-output>
          </reporter-output>
        </test-method> <!-- tearDownClass -->
      </class> <!-- com.nop.runner.TestRunner -->
    </test> <!-- Login Test -->
  </suite> <!-- NopCommerce BDD Suite -->
</testng-results>
