<?xml version="1.0" encoding="UTF-8"?>
<testng-results ignored="0" total="1" passed="1" failed="0" skipped="0">
  <reporter-output>
  </reporter-output>
  <suite started-at="2025-09-13T15:18:14 IST" name="Default suite" finished-at="2025-09-13T15:23:25 IST" duration-ms="311956">
    <groups>
    </groups>
    <test started-at="2025-09-13T15:18:14 IST" name="Default test" finished-at="2025-09-13T15:23:25 IST" duration-ms="311956">
      <class name="com.redbus.test.IndexPageTest">
        <test-method is-config="true" signature="loadConfig()[pri:0, instance:com.redbus.test.IndexPageTest@5e5d171f]" started-at="2025-09-13T15:18:14 IST" name="loadConfig" finished-at="2025-09-13T15:18:14 IST" duration-ms="7" status="PASS">
          <reporter-output>
          </reporter-output>
        </test-method> <!-- loadConfig -->
        <test-method is-config="true" signature="setup()[pri:0, instance:com.redbus.test.IndexPageTest@5e5d171f]" started-at="2025-09-13T15:18:14 IST" name="setup" finished-at="2025-09-13T15:18:15 IST" duration-ms="1786" status="PASS">
          <reporter-output>
          </reporter-output>
        </test-method> <!-- setup -->
        <test-method signature="enterDetails()[pri:2, instance:com.redbus.test.IndexPageTest@5e5d171f]" started-at="2025-09-13T15:18:15 IST" name="enterDetails" finished-at="2025-09-13T15:23:25 IST" duration-ms="310128" status="PASS">
          <reporter-output>
          </reporter-output>
        </test-method> <!-- enterDetails -->
      </class> <!-- com.redbus.test.IndexPageTest -->
    </test> <!-- Default test -->
  </suite> <!-- Default suite -->
</testng-results>
