<?xml version="1.0" encoding="UTF-8"?>
<testng-results ignored="0" total="1" passed="1" failed="0" skipped="0">
  <reporter-output>
  </reporter-output>
  <suite started-at="2025-11-13T15:51:56 IST" name="Default suite" finished-at="2025-11-13T15:52:32 IST" duration-ms="35997">
    <groups>
    </groups>
    <test started-at="2025-11-13T15:51:56 IST" name="Default test" finished-at="2025-11-13T15:52:32 IST" duration-ms="35997">
      <class name="com.procam.LoginTest">
        <test-method is-config="true" signature="loadConfig()[pri:0, instance:com.procam.LoginTest@78452606]" started-at="2025-11-13T15:51:56 IST" name="loadConfig" finished-at="2025-11-13T15:51:56 IST" duration-ms="13" status="PASS">
          <reporter-output>
          </reporter-output>
        </test-method> <!-- loadConfig -->
        <test-method is-config="true" signature="setup()[pri:0, instance:com.procam.LoginTest@78452606]" started-at="2025-11-13T15:51:56 IST" name="setup" finished-at="2025-11-13T15:51:58 IST" duration-ms="2400" status="PASS">
          <reporter-output>
          </reporter-output>
        </test-method> <!-- setup -->
        <test-method signature="verifyLogin()[pri:0, instance:com.procam.LoginTest@78452606]" started-at="2025-11-13T15:51:58 IST" name="verifyLogin" finished-at="2025-11-13T15:52:32 IST" duration-ms="33434" status="PASS">
          <reporter-output>
          </reporter-output>
        </test-method> <!-- verifyLogin -->
      </class> <!-- com.procam.LoginTest -->
    </test> <!-- Default test -->
  </suite> <!-- Default suite -->
</testng-results>
