<?xml version="1.0" encoding="UTF-8"?>
<testng-results ignored="0" total="1" passed="1" failed="0" skipped="0">
  <reporter-output>
  </reporter-output>
  <suite started-at="2024-10-10T11:02:35 IST" name="Default suite" finished-at="2024-10-10T11:02:46 IST" duration-ms="11130">
    <groups>
    </groups>
    <test started-at="2024-10-10T11:02:35 IST" name="Default test" finished-at="2024-10-10T11:02:46 IST" duration-ms="11130">
      <class name="com.hdor.eventregistration.EventDescriptionPageTest">
        <test-method is-config="true" signature="loadConfig()[pri:0, instance:com.hdor.eventregistration.EventDescriptionPageTest@742ff096]" started-at="2024-10-10T11:02:35 IST" name="loadConfig" finished-at="2024-10-10T11:02:35 IST" duration-ms="17" status="PASS">
          <reporter-output>
          </reporter-output>
        </test-method> <!-- loadConfig -->
        <test-method is-config="true" signature="setup()[pri:0, instance:com.hdor.eventregistration.EventDescriptionPageTest@742ff096]" started-at="2024-10-10T11:02:35 IST" name="setup" finished-at="2024-10-10T11:02:38 IST" duration-ms="3738" status="PASS">
          <reporter-output>
          </reporter-output>
        </test-method> <!-- setup -->
        <test-method signature="verifyBuyNow()[pri:0, instance:com.hdor.eventregistration.EventDescriptionPageTest@742ff096]" started-at="2024-10-10T11:02:38 IST" name="verifyBuyNow" finished-at="2024-10-10T11:02:46 IST" duration-ms="7319" status="PASS">
          <reporter-output>
          </reporter-output>
        </test-method> <!-- verifyBuyNow -->
      </class> <!-- com.hdor.eventregistration.EventDescriptionPageTest -->
    </test> <!-- Default test -->
  </suite> <!-- Default suite -->
</testng-results>
