<?xml version="1.0" encoding="UTF-8"?>
<testng-results ignored="0" total="1" passed="1" failed="0" skipped="0">
  <reporter-output>
  </reporter-output>
  <suite started-at="2024-11-07T12:32:51 IST" name="Suite" finished-at="2024-11-07T12:33:05 IST" duration-ms="13624">
    <groups>
    </groups>
    <test started-at="2024-11-07T12:32:51 IST" name="Test" finished-at="2024-11-07T12:33:05 IST" duration-ms="13624">
      <class name="com.hdorRegistrationProcess.EndToEndTest">
        <test-method is-config="true" signature="loadConfig()[pri:0, instance:com.hdorRegistrationProcess.EndToEndTest@7a419da4]" started-at="2024-11-07T12:32:50 IST" name="loadConfig" finished-at="2024-11-07T12:32:51 IST" duration-ms="454" status="PASS">
          <reporter-output>
          </reporter-output>
        </test-method> <!-- loadConfig -->
        <test-method is-config="true" signature="setup()[pri:0, instance:com.hdorRegistrationProcess.EndToEndTest@7a419da4]" started-at="2024-11-07T12:32:51 IST" name="setup" finished-at="2024-11-07T12:32:57 IST" duration-ms="5624" status="PASS">
          <reporter-output>
          </reporter-output>
        </test-method> <!-- setup -->
        <test-method signature="verifyLogin()[pri:0, instance:com.hdorRegistrationProcess.EndToEndTest@7a419da4]" started-at="2024-11-07T12:32:57 IST" name="verifyLogin" finished-at="2024-11-07T12:33:05 IST" duration-ms="7940" status="PASS">
          <reporter-output>
          </reporter-output>
        </test-method> <!-- verifyLogin -->
        <test-method is-config="true" signature="afterSuite()[pri:0, instance:com.hdorRegistrationProcess.EndToEndTest@7a419da4]" started-at="2024-11-07T12:33:05 IST" name="afterSuite" finished-at="2024-11-07T12:33:05 IST" duration-ms="698" status="PASS">
          <reporter-output>
          </reporter-output>
        </test-method> <!-- afterSuite -->
      </class> <!-- com.hdorRegistrationProcess.EndToEndTest -->
    </test> <!-- Test -->
  </suite> <!-- Suite -->
</testng-results>
