{"uuid":"873a4c9b-2bdc-4261-8aff-73c5707f3215","historyId":"7bec7cece6efbac2fdf02fa2797f24dc","fullName":"com.procam.UserLoginPageTest.verifyLogin","labels":[{"name":"package","value":"com.procam.UserLoginPageTest"},{"name":"testClass","value":"com.procam.UserLoginPageTest"},{"name":"testMethod","value":"verifyLogin"},{"name":"parentSuite","value":"Default suite"},{"name":"suite","value":"Default test"},{"name":"subSuite","value":"com.procam.UserLoginPageTest"},{"name":"host","value":"Dewendra"},{"name":"thread","value":"3864@Dewendra.main(1)"},{"name":"framework","value":"testng"},{"name":"language","value":"java"}],"links":[],"name":"verifyLogin","status":"broken","statusDetails":{"known":false,"muted":false,"flaky":false,"message":"Expected condition failed: waiting for visibility of Proxy element for: DefaultElementLocator 'By.xpath: //h5[contains(normalize-space(),'philanthropy platform')]' (tried for 10 second(s) with 500 milliseconds interval)","trace":"org.openqa.selenium.TimeoutException: Expected condition failed: waiting for visibility of Proxy element for: DefaultElementLocator 'By.xpath: //h5[contains(normalize-space(),'philanthropy platform')]' (tried for 10 second(s) with 500 milliseconds interval)\r\n\tat org.openqa.selenium.support.ui.WebDriverWait.timeoutException(WebDriverWait.java:84)\r\n\tat org.openqa.selenium.support.ui.FluentWait.until(FluentWait.java:228)\r\n\tat com.procam.pageobjects.MerchandiseDetailsPage.enterMerchandiseDetails(MerchandiseDetailsPage.java:146)\r\n\tat com.procam.UserLoginPageTest.verifyLogin(UserLoginPageTest.java:76)\r\n\tat java.base/jdk.internal.reflect.DirectMethodHandleAccessor.invoke(DirectMethodHandleAccessor.java:103)\r\n\tat java.base/java.lang.reflect.Method.invoke(Method.java:580)\r\n\tat org.testng.internal.invokers.MethodInvocationHelper.invokeMethod(MethodInvocationHelper.java:141)\r\n\tat org.testng.internal.invokers.TestInvoker.invokeMethod(TestInvoker.java:686)\r\n\tat org.testng.internal.invokers.TestInvoker.invokeTestMethod(TestInvoker.java:230)\r\n\tat org.testng.internal.invokers.MethodRunner.runInSequence(MethodRunner.java:63)\r\n\tat org.testng.internal.invokers.TestInvoker$MethodInvocationAgent.invoke(TestInvoker.java:992)\r\n\tat org.testng.internal.invokers.TestInvoker.invokeTestMethods(TestInvoker.java:203)\r\n\tat org.testng.internal.invokers.TestMethodWorker.invokeTestMethods(TestMethodWorker.java:154)\r\n\tat org.testng.internal.invokers.TestMethodWorker.run(TestMethodWorker.java:134)\r\n\tat java.base/java.util.ArrayList.forEach(ArrayList.java:1596)\r\n\tat org.testng.TestRunner.privateRun(TestRunner.java:739)\r\n\tat org.testng.TestRunner.run(TestRunner.java:614)\r\n\tat org.testng.SuiteRunner.runTest(SuiteRunner.java:421)\r\n\tat org.testng.SuiteRunner.runSequentially(SuiteRunner.java:413)\r\n\tat org.testng.SuiteRunner.privateRun(SuiteRunner.java:373)\r\n\tat org.testng.SuiteRunner.run(SuiteRunner.java:312)\r\n\tat org.testng.SuiteRunnerWorker.runSuite(SuiteRunnerWorker.java:52)\r\n\tat org.testng.SuiteRunnerWorker.run(SuiteRunnerWorker.java:95)\r\n\tat org.testng.TestNG.runSuitesSequentially(TestNG.java:1274)\r\n\tat org.testng.TestNG.runSuitesLocally(TestNG.java:1208)\r\n\tat org.testng.TestNG.runSuites(TestNG.java:1112)\r\n\tat org.testng.TestNG.run(TestNG.java:1079)\r\n\tat org.testng.remote.AbstractRemoteTestNG.run(AbstractRemoteTestNG.java:115)\r\n\tat org.testng.remote.RemoteTestNG.initAndRun(RemoteTestNG.java:293)\r\n\tat org.testng.remote.RemoteTestNG.main(RemoteTestNG.java:91)\r\nCaused by: org.openqa.selenium.NoSuchElementException: no such element: Unable to locate element: {\"method\":\"xpath\",\"selector\":\"//h5[contains(normalize-space(),'philanthropy platform')]\"}\n  (Session info: chrome=143.0.7499.193)\nFor documentation on this error, please visit: https://www.selenium.dev/documentation/webdriver/troubleshooting/errors#no-such-element-exception\nBuild info: version: '4.18.1', revision: 'b1d3319b48'\nSystem info: os.name: 'Windows 11', os.arch: 'amd64', os.version: '10.0', java.version: '21.0.8'\nDriver info: org.openqa.selenium.chrome.ChromeDriver\nCommand: [7e0f20febf5a490796bd25f6ffaddd07, findElement {value=//h5[contains(normalize-space(),'philanthropy platform')], using=xpath}]\nCapabilities {acceptInsecureCerts: false, browserName: chrome, browserVersion: 143.0.7499.193, chrome: {chromedriverVersion: 143.0.7499.192 (be2c1f4fd45..., userDataDir: C:\\Users\\dewen\\AppData\\Loca...}, fedcm:accounts: true, goog:chromeOptions: {debuggerAddress: localhost:60998}, goog:processID: 20672, networkConnectionEnabled: false, pageLoadStrategy: normal, platformName: windows, proxy: Proxy(), se:cdp: ws://localhost:60998/devtoo..., se:cdpVersion: 143.0.7499.193, setWindowRect: true, strictFileInteractability: false, timeouts: {implicit: 0, pageLoad: 300000, script: 30000}, unhandledPromptBehavior: dismiss and notify, webauthn:extension:credBlob: true, webauthn:extension:largeBlob: true, webauthn:extension:minPinLength: true, webauthn:extension:prf: true, webauthn:virtualAuthenticators: true}\nSession ID: 7e0f20febf5a490796bd25f6ffaddd07\r\n\tat java.base/jdk.internal.reflect.DirectConstructorHandleAccessor.newInstance(DirectConstructorHandleAccessor.java:62)\r\n\tat java.base/java.lang.reflect.Constructor.newInstanceWithCaller(Constructor.java:502)\r\n\tat java.base/java.lang.reflect.Constructor.newInstance(Constructor.java:486)\r\n\tat org.openqa.selenium.remote.ErrorCodec.decode(ErrorCodec.java:167)\r\n\tat org.openqa.selenium.remote.codec.w3c.W3CHttpResponseCodec.decode(W3CHttpResponseCodec.java:138)\r\n\tat org.openqa.selenium.remote.codec.w3c.W3CHttpResponseCodec.decode(W3CHttpResponseCodec.java:50)\r\n\tat org.openqa.selenium.remote.HttpCommandExecutor.execute(HttpCommandExecutor.java:190)\r\n\tat org.openqa.selenium.remote.service.DriverCommandExecutor.invokeExecute(DriverCommandExecutor.java:216)\r\n\tat org.openqa.selenium.remote.service.DriverCommandExecutor.execute(DriverCommandExecutor.java:174)\r\n\tat org.openqa.selenium.remote.RemoteWebDriver.execute(RemoteWebDriver.java:519)\r\n\tat org.openqa.selenium.remote.ElementLocation$ElementFinder$2.findElement(ElementLocation.java:165)\r\n\tat org.openqa.selenium.remote.ElementLocation.findElement(ElementLocation.java:59)\r\n\tat org.openqa.selenium.remote.RemoteWebDriver.findElement(RemoteWebDriver.java:356)\r\n\tat org.openqa.selenium.remote.RemoteWebDriver.findElement(RemoteWebDriver.java:350)\r\n\tat org.openqa.selenium.support.pagefactory.DefaultElementLocator.findElement(DefaultElementLocator.java:68)\r\n\tat org.openqa.selenium.support.pagefactory.internal.LocatingElementHandler.invoke(LocatingElementHandler.java:38)\r\n\tat jdk.proxy2/jdk.proxy2.$Proxy22.isDisplayed(Unknown Source)\r\n\tat org.openqa.selenium.support.ui.ExpectedConditions.elementIfVisible(ExpectedConditions.java:304)\r\n\tat org.openqa.selenium.support.ui.ExpectedConditions$10.apply(ExpectedConditions.java:290)\r\n\tat org.openqa.selenium.support.ui.ExpectedConditions$10.apply(ExpectedConditions.java:287)\r\n\tat org.openqa.selenium.support.ui.FluentWait.until(FluentWait.java:203)\r\n\t... 28 more\r\n"},"stage":"finished","steps":[],"attachments":[],"parameters":[{"name":"arg3","value":"{participateOnGround=Yes, slamCycle=TCS W10K Bengaluru 2026-TMM 2027, idProofNumber=MAHIF1234F, emergencyMobile1=9876543225, emergencyMobile2=9876543215, idProofPathPAN=C:\\\\Users\\\\dewen\\\\Downloads\\\\Procam testing\\\\ProcamTest\\\\docs\\\\pan_card.jpg, participatingFirstTime=Yes, bibNumber=12005, criteriaType=WomenWithTiming, seconds=38, idProofPathAadhaar=C:\\\\Users\\\\dewen\\\\Downloads\\\\Procam testing\\\\ProcamTest\\\\docs\\\\aadhaar.png, procamSlamOptions=Yes, virtualEvent=No, searchEventName=ved, hearAbout=Online, raceDaySpecial=Yes, eventName=VEDANTA DELHI HALF MARATHON, virtualRaceCategory=Virtual 10K (10 KM), hours=1, tshirtSize=M, eventRaceCategory=10 Km, minutes=24, raceCategory=Open 10K (10 km), idProofType=PAN Card, transport=Car, selectTheReason=It's my Birthday, emergencyRelation2=Father, emergencyRelation1=Mother, timingCertLink=https://example.com, emergencyName1=Mahi Fifteen, emergencyName2=Shyam Fifteen, profileImagePath=C:\\Users\\dewen\\Downloads\\Procam_Testing\\Avatar_Images\\Pihu Six.jpg, eventDate=19-10-2025}"},{"name":"arg2","value":"{lastName=Six, pincode=110019, mobileCode=91, address=121, Ansal Tower-38, occupation=Student, gender=Female, addressDropdown=Nehru Place, mobile=9876543206, firstName=Mahi, nationality=Indian, runningClub=No, dob=15-05-2004, middleName=, searchNationality=ind}"},{"name":"arg5","value":"{Waiver5=Y, Waiver4=Y, TestCase=TC_01, GST_Option=Yes, Waiver3=Y, GST_Name=Mahi Six Traders, Waiver2=Y, GST_Number=21MAHIF2222F9Z4, Waiver1=Y}"},{"name":"arg4","value":"{addOns=No, addOnSize=M, panNo=ABCDE1234F, fundRaise=No, donation=Yes, causeOfYourChoice=Common Pool, donationAmount=500, tgb=No, addOnName=Unisex Herringbone Polo -India Blue, nameOnPanCard=Mahi Six}"},{"name":"arg1","value":"{eventKey=TCSB_2026}"},{"name":"arg0","value":"{emailId=mahi6@yopmail.com, otp=0, userType=myself}"},{"name":"arg6","value":"{paymentOption=Netbanking}"}],"start":1768471049454,"stop":1768471088744}