<?xml version="1.0" encoding="UTF-8"?>
<testng-results ignored="0" total="1" passed="1" failed="0" skipped="0">
  <reporter-output>
  </reporter-output>
  <suite started-at="2025-07-30T19:58:40 IST" name="Default suite" finished-at="2025-07-30T19:59:03 IST" duration-ms="23374">
    <groups>
    </groups>
    <test started-at="2025-07-30T19:58:40 IST" name="Default test" finished-at="2025-07-30T19:59:03 IST" duration-ms="23374">
      <class name="com.amazon.test.IndexPageTest">
        <test-method is-config="true" signature="loadConfig()[pri:0, instance:com.amazon.test.IndexPageTest@22555ebf]" started-at="2025-07-30T19:58:40 IST" name="loadConfig" finished-at="2025-07-30T19:58:40 IST" duration-ms="6" status="PASS">
          <reporter-output>
          </reporter-output>
        </test-method> <!-- loadConfig -->
        <test-method is-config="true" signature="setup()[pri:0, instance:com.amazon.test.IndexPageTest@22555ebf]" started-at="2025-07-30T19:58:40 IST" name="setup" finished-at="2025-07-30T19:58:44 IST" duration-ms="4245" status="PASS">
          <reporter-output>
          </reporter-output>
        </test-method> <!-- setup -->
        <test-method signature="verifyAccountAndListOption()[pri:0, instance:com.amazon.test.IndexPageTest@22555ebf]" started-at="2025-07-30T19:58:44 IST" name="verifyAccountAndListOption" finished-at="2025-07-30T19:59:03 IST" duration-ms="19084" status="PASS">
          <reporter-output>
          </reporter-output>
        </test-method> <!-- verifyAccountAndListOption -->
      </class> <!-- com.amazon.test.IndexPageTest -->
    </test> <!-- Default test -->
  </suite> <!-- Default suite -->
</testng-results>
