<?xml version="1.0" encoding="UTF-8"?>
<testng-results ignored="0" total="1" passed="1" failed="0" skipped="0">
  <reporter-output>
  </reporter-output>
  <suite started-at="2025-07-29T21:09:54 IST" name="Default suite" finished-at="2025-07-29T21:09:59 IST" duration-ms="5440">
    <groups>
    </groups>
    <test started-at="2025-07-29T21:09:54 IST" name="Default test" finished-at="2025-07-29T21:09:59 IST" duration-ms="5440">
      <class name="com.amazon.test.IndexPageTest">
        <test-method is-config="true" signature="loadConfig()[pri:0, instance:com.amazon.test.IndexPageTest@22555ebf]" started-at="2025-07-29T21:09:54 IST" name="loadConfig" finished-at="2025-07-29T21:09:54 IST" duration-ms="4" status="PASS">
          <reporter-output>
          </reporter-output>
        </test-method> <!-- loadConfig -->
        <test-method is-config="true" signature="setup()[pri:0, instance:com.amazon.test.IndexPageTest@22555ebf]" started-at="2025-07-29T21:09:54 IST" name="setup" finished-at="2025-07-29T21:09:56 IST" duration-ms="2045" status="PASS">
          <reporter-output>
          </reporter-output>
        </test-method> <!-- setup -->
        <test-method signature="verifyAccountAndListOption()[pri:0, instance:com.amazon.test.IndexPageTest@22555ebf]" started-at="2025-07-29T21:09:56 IST" name="verifyAccountAndListOption" finished-at="2025-07-29T21:09:59 IST" duration-ms="3357" status="PASS">
          <reporter-output>
          </reporter-output>
        </test-method> <!-- verifyAccountAndListOption -->
      </class> <!-- com.amazon.test.IndexPageTest -->
    </test> <!-- Default test -->
  </suite> <!-- Default suite -->
</testng-results>
