<?xml version="1.0" encoding="UTF-8"?>
<testng-results ignored="0" total="1" passed="1" failed="0" skipped="0">
  <reporter-output>
  </reporter-output>
  <suite started-at="2025-09-11T10:27:11 IST" name="Default suite" finished-at="2025-09-11T10:27:17 IST" duration-ms="5930">
    <groups>
    </groups>
    <test started-at="2025-09-11T10:27:11 IST" name="Default test" finished-at="2025-09-11T10:27:17 IST" duration-ms="5930">
      <class name="com.yatra.test.IndexPageTest">
        <test-method is-config="true" signature="loadConfig()[pri:0, instance:com.yatra.test.IndexPageTest@78452606]" started-at="2025-09-11T10:27:11 IST" name="loadConfig" finished-at="2025-09-11T10:27:11 IST" duration-ms="12" status="PASS">
          <reporter-output>
          </reporter-output>
        </test-method> <!-- loadConfig -->
        <test-method is-config="true" signature="setUp()[pri:0, instance:com.yatra.test.IndexPageTest@78452606]" started-at="2025-09-11T10:27:11 IST" name="setUp" finished-at="2025-09-11T10:27:15 IST" duration-ms="4289" status="PASS">
          <reporter-output>
          </reporter-output>
        </test-method> <!-- setUp -->
        <test-method signature="verifiyLogo()[pri:0, instance:com.yatra.test.IndexPageTest@78452606]" started-at="2025-09-11T10:27:15 IST" name="verifiyLogo" finished-at="2025-09-11T10:27:17 IST" duration-ms="1554" status="PASS">
          <reporter-output>
          </reporter-output>
        </test-method> <!-- verifiyLogo -->
      </class> <!-- com.yatra.test.IndexPageTest -->
    </test> <!-- Default test -->
  </suite> <!-- Default suite -->
</testng-results>
