<?xml version="1.0" encoding="UTF-8"?>
<!-- Generated by org.testng.reporters.JUnitXMLReporter -->
<testsuite ignored="2" hostname="Dewendra" failures="2" tests="2" name="Test(failed)" time="0.048" errors="0" timestamp="2025-10-30T10:00:29 IST">
  <testcase classname="com.demo.retryLogicDemo.TestCaseExample" name="TestCase03" time="0.01">
    <failure type="java.lang.AssertionError" message="expected [true] but found [false]">
      <![CDATA[java.lang.AssertionError: expected [true] but found [false]
at com.demo.retryLogicDemo.TestCaseExample.TestCase03(TestCaseExample.java:20)
at java.base/java.util.ArrayList.forEach(ArrayList.java:1596)
... Removed 29 stack frames]]>
    </failure>
  </testcase> <!-- TestCase03 -->
  <testcase classname="com.demo.retryLogicDemo.TestCaseExample" name="TestCase01" time="0.001">
    <failure type="java.lang.AssertionError" message="expected [true] but found [false]">
      <![CDATA[java.lang.AssertionError: expected [true] but found [false]
at com.demo.retryLogicDemo.TestCaseExample.TestCase01(TestCaseExample.java:10)
at java.base/java.util.ArrayList.forEach(ArrayList.java:1596)
... Removed 29 stack frames]]>
    </failure>
  </testcase> <!-- TestCase01 -->
  <testcase classname="com.demo.retryLogicDemo.TestCaseExample" name="TestCase04" time="0.0">
    <ignored/>
  </testcase> <!-- TestCase04 -->
  <testcase classname="com.demo.retryLogicDemo.TestCaseExample" name="TestCase02" time="0.0">
    <ignored/>
  </testcase> <!-- TestCase02 -->
</testsuite> <!-- Test(failed) -->
