<?xml version="1.0" encoding="UTF-8"?>
<!-- Generated by org.testng.reporters.JUnitXMLReporter -->
<testsuite ignored="0" hostname="Dewendra" failures="0" tests="3" name="chromeTest" time="7.308" errors="0" timestamp="2025-04-10T14:11:52 IST">
  <testcase classname="com.demo.parametersDemo.ParamTest" name="testLogo" time="0.032"/>
  <testcase classname="com.demo.parametersDemo.ParamTest" name="testTitle" time="0.016"/>
  <testcase classname="com.demo.parametersDemo.ParamTest" name="testURL" time="0.017"/>
</testsuite> <!-- chromeTest -->
