<?xml version="1.0" encoding="UTF-8"?>
<!-- Generated by org.testng.reporters.JUnitXMLReporter -->
<testsuite ignored="0" hostname="Dewendra" failures="0" tests="3" name="fireforTest" time="11.594" errors="0" timestamp="2025-04-10T14:09:45 IST">
  <testcase classname="com.demo.parametersDemo.ParamTest" name="testLogo" time="0.068"/>
  <testcase classname="com.demo.parametersDemo.ParamTest" name="testTitle" time="0.008"/>
  <testcase classname="com.demo.parametersDemo.ParamTest" name="testURL" time="0.007"/>
</testsuite> <!-- fireforTest -->
