<?xml version="1.0" encoding="UTF-8"?>
<!-- Generated by org.testng.reporters.JUnitXMLReporter -->
<testsuite ignored="0" hostname="Dewendra" failures="0" tests="3" name="Test" time="6.857" errors="0" timestamp="2025-04-10T14:11:27 IST">
  <testcase classname="com.demo.parametersDemo.ParamTest" name="testLogo" time="0.038"/>
  <testcase classname="com.demo.parametersDemo.ParamTest" name="testTitle" time="0.006"/>
  <testcase classname="com.demo.parametersDemo.ParamTest" name="testURL" time="0.005"/>
</testsuite> <!-- Test -->
