<?xml version="1.0" encoding="UTF-8"?>
<!-- Generated by org.testng.reporters.JUnitXMLReporter -->
<testsuite ignored="0" hostname="Dewendra" failures="2" tests="8" name="Test" time="0.07" errors="0" timestamp="2025-10-30T10:43:13 IST">
  <testcase classname="com.demo.retryLogicDemo.TestCaseExample" name="TestCase01" time="0.015">
    <skipped/>
  </testcase> <!-- TestCase01 -->
  <testcase classname="com.demo.retryLogicDemo.TestCaseExample" name="TestCase01" time="0.001">
    <skipped/>
  </testcase> <!-- TestCase01 -->
  <testcase classname="com.demo.retryLogicDemo.TestCaseExample" name="TestCase01" time="0.001">
    <failure type="java.lang.AssertionError" message="expected [true] but found [false]">
      <![CDATA[java.lang.AssertionError: expected [true] but found [false]
at com.demo.retryLogicDemo.TestCaseExample.TestCase01(TestCaseExample.java:10)
at java.base/java.util.ArrayList.forEach(ArrayList.java:1596)
... Removed 29 stack frames]]>
    </failure>
  </testcase> <!-- TestCase01 -->
  <testcase classname="com.demo.retryLogicDemo.TestCaseExample" name="TestCase02" time="0.003"/>
  <testcase classname="com.demo.retryLogicDemo.TestCaseExample" name="TestCase03" time="0.001">
    <skipped/>
  </testcase> <!-- TestCase03 -->
  <testcase classname="com.demo.retryLogicDemo.TestCaseExample" name="TestCase03" time="0.001">
    <skipped/>
  </testcase> <!-- TestCase03 -->
  <testcase classname="com.demo.retryLogicDemo.TestCaseExample" name="TestCase03" time="0.0">
    <failure type="java.lang.AssertionError" message="expected [true] but found [false]">
      <![CDATA[java.lang.AssertionError: expected [true] but found [false]
at com.demo.retryLogicDemo.TestCaseExample.TestCase03(TestCaseExample.java:20)
at java.base/java.util.ArrayList.forEach(ArrayList.java:1596)
... Removed 29 stack frames]]>
    </failure>
  </testcase> <!-- TestCase03 -->
  <testcase classname="com.demo.retryLogicDemo.TestCaseExample" name="TestCase04" time="0.001"/>
</testsuite> <!-- Test -->
