<?xml version="1.0" encoding="UTF-8"?>
<testng-results ignored="0" total="2" passed="2" failed="0" skipped="0">
  <reporter-output>
  </reporter-output>
  <suite started-at="2026-03-10T16:21:04 IST" name="Default suite" finished-at="2026-03-10T16:21:14 IST" duration-ms="10630">
    <groups>
    </groups>
    <test started-at="2026-03-10T16:21:04 IST" name="Default test" finished-at="2026-03-10T16:21:14 IST" duration-ms="10630">
      <class name="com.demo.challenge.day4.HomePageTest">
        <test-method is-config="true" signature="setup()[pri:0, instance:com.demo.challenge.day4.HomePageTest@24269709]" started-at="2026-03-10T16:21:04 IST" name="setup" finished-at="2026-03-10T16:21:14 IST" duration-ms="10502" status="PASS">
          <reporter-output>
          </reporter-output>
        </test-method> <!-- setup -->
        <test-method signature="contaceTest()[pri:0, instance:com.demo.challenge.day4.HomePageTest@24269709]" started-at="2026-03-10T16:21:14 IST" name="contaceTest" finished-at="2026-03-10T16:21:14 IST" duration-ms="72" status="PASS">
          <reporter-output>
          </reporter-output>
        </test-method> <!-- contaceTest -->
        <test-method signature="headerTest()[pri:0, instance:com.demo.challenge.day4.HomePageTest@24269709]" started-at="2026-03-10T16:21:14 IST" name="headerTest" finished-at="2026-03-10T16:21:14 IST" duration-ms="31" status="PASS">
          <reporter-output>
          </reporter-output>
        </test-method> <!-- headerTest -->
      </class> <!-- com.demo.challenge.day4.HomePageTest -->
    </test> <!-- Default test -->
  </suite> <!-- Default suite -->
</testng-results>
