<?xml version="1.0" encoding="UTF-8"?>
<testng-results ignored="0" total="1" passed="1" failed="0" skipped="0">
  <reporter-output>
  </reporter-output>
  <suite started-at="2025-04-15T19:30:40 IST" name="Listneres Suit" finished-at="2025-04-15T19:30:53 IST" duration-ms="13473">
    <groups>
    </groups>
    <test started-at="2025-04-15T19:30:40 IST" name="My Test" finished-at="2025-04-15T19:30:53 IST" duration-ms="13473">
      <class name="com.demo.pageObjectModel.LoginPageTest">
        <test-method is-config="true" signature="setup()[pri:0, instance:com.demo.pageObjectModel.LoginPageTest@36fc695d]" started-at="2025-04-15T19:30:40 IST" name="setup" finished-at="2025-04-15T19:30:51 IST" duration-ms="11528" status="PASS">
          <reporter-output>
          </reporter-output>
        </test-method> <!-- setup -->
        <test-method signature="testAppLogin()[pri:0, instance:com.demo.pageObjectModel.LoginPageTest@36fc695d]" started-at="2025-04-15T19:30:51 IST" name="testAppLogin" finished-at="2025-04-15T19:30:53 IST" duration-ms="1590" status="PASS">
          <reporter-output>
          </reporter-output>
        </test-method> <!-- testAppLogin -->
        <test-method is-config="true" signature="tearDown()[pri:0, instance:com.demo.pageObjectModel.LoginPageTest@36fc695d]" started-at="2025-04-15T19:30:53 IST" name="tearDown" finished-at="2025-04-15T19:30:53 IST" duration-ms="318" status="PASS">
          <reporter-output>
          </reporter-output>
        </test-method> <!-- tearDown -->
      </class> <!-- com.demo.pageObjectModel.LoginPageTest -->
    </test> <!-- My Test -->
  </suite> <!-- Listneres Suit -->
</testng-results>
