<?xml version="1.0" encoding="UTF-8"?>
<!-- Generated by org.testng.reporters.JUnitXMLReporter -->
<testsuite ignored="8" hostname="Dewendra" failures="0" tests="4" name="GroupingTest" time="0.042" errors="0" timestamp="2025-04-08T15:52:03 IST">
  <testcase classname="com.demo.groupingDemo.PaymentTest" name="paymentByNetbanking" time="0.008"/>
  <testcase classname="com.demo.groupingDemo.PaymentTest" name="paymentBycard" time="0.001"/>
  <testcase classname="com.demo.groupingDemo.PaymentTest" name="paymentByWallet" time="0.002"/>
  <testcase classname="com.demo.groupingDemo.PaymentTest" name="paymentByUPI" time="0.0"/>
  <testcase classname="com.demo.groupingDemo.SignUpTest" name="signUpByFacebook" time="0.0">
    <ignored/>
  </testcase> <!-- signUpByFacebook -->
  <testcase classname="com.demo.groupingDemo.LoginTest" name="LoginByEmail" time="0.0">
    <ignored/>
  </testcase> <!-- LoginByEmail -->
  <testcase classname="com.demo.groupingDemo.SignUpTest" name="signUpByGmail" time="0.0">
    <ignored/>
  </testcase> <!-- signUpByGmail -->
  <testcase classname="com.demo.groupingDemo.LoginTest" name="LoginByGmail" time="0.0">
    <ignored/>
  </testcase> <!-- LoginByGmail -->
  <testcase classname="com.demo.groupingDemo.LoginTest" name="LoginByOTP" time="0.0">
    <ignored/>
  </testcase> <!-- LoginByOTP -->
  <testcase classname="com.demo.groupingDemo.SignUpTest" name="signUpByOTP" time="0.0">
    <ignored/>
  </testcase> <!-- signUpByOTP -->
  <testcase classname="com.demo.groupingDemo.LoginTest" name="LoginByFacebook" time="0.0">
    <ignored/>
  </testcase> <!-- LoginByFacebook -->
  <testcase classname="com.demo.groupingDemo.SignUpTest" name="signUpByEmail" time="0.0">
    <ignored/>
  </testcase> <!-- signUpByEmail -->
</testsuite> <!-- GroupingTest -->
