<?xml version="1.0" encoding="UTF-8"?>
<!-- Generated by org.testng.reporters.JUnitXMLReporter -->
<testsuite ignored="0" hostname="Dewendra" failures="0" tests="12" name="Test" time="0.051" errors="0" timestamp="2025-04-07T11:49:28 IST">
  <testcase classname="com.demo.groupingDemo.LoginTest" name="LoginByEmail" time="0.01"/>
  <testcase classname="com.demo.groupingDemo.LoginTest" name="LoginByFacebook" time="0.001"/>
  <testcase classname="com.demo.groupingDemo.LoginTest" name="LoginByGmail" time="0.0"/>
  <testcase classname="com.demo.groupingDemo.LoginTest" name="LoginByOTP" time="0.001"/>
  <testcase classname="com.demo.groupingDemo.SignUpTest" name="signUpByEmail" time="0.001"/>
  <testcase classname="com.demo.groupingDemo.SignUpTest" name="signUpByFacebook" time="0.001"/>
  <testcase classname="com.demo.groupingDemo.SignUpTest" name="signUpByGmail" time="0.0"/>
  <testcase classname="com.demo.groupingDemo.SignUpTest" name="signUpByOTP" time="0.0"/>
  <testcase classname="com.demo.groupingDemo.PaymentTest" name="paymentByNetbanking" time="0.0"/>
  <testcase classname="com.demo.groupingDemo.PaymentTest" name="paymentBycard" time="0.0"/>
  <testcase classname="com.demo.groupingDemo.PaymentTest" name="paymentByWallet" time="0.001"/>
  <testcase classname="com.demo.groupingDemo.PaymentTest" name="paymentByUPI" time="0.002"/>
</testsuite> <!-- Test -->
