<?xml version="1.0" encoding="UTF-8"?>
<!-- Generated by org.testng.reporters.JUnitXMLReporter -->
<testsuite ignored="0" hostname="Dewendra" failures="0" tests="4" name="Test" time="11.517" errors="0" timestamp="2025-03-18T17:08:13 IST">
  <testcase classname="com.demo.testng.OrangeHrm" name="openApplication" time="3.966"/>
  <testcase classname="com.demo.testng.OrangeHrm" name="testLogo" time="3.045"/>
  <testcase classname="com.demo.testng.OrangeHrm" name="loginApplaction" time="1.348"/>
  <testcase classname="com.demo.testng.OrangeHrm" name="logoutApplaction" time="3.129"/>
</testsuite> <!-- Test -->
