<?xml version="1.0" encoding="UTF-8"?>
<testng-results ignored="0" total="1" passed="0" failed="1" skipped="0">
  <reporter-output>
  </reporter-output>
  <suite started-at="2026-02-05T12:15:14 IST" name="Default suite" finished-at="2026-02-05T12:15:55 IST" duration-ms="40312">
    <groups>
    </groups>
    <test started-at="2026-02-05T12:15:14 IST" name="Default test" finished-at="2026-02-05T12:15:55 IST" duration-ms="40312">
      <class name="com.procam.test.UseRegistrationTest2">
        <test-method is-config="true" signature="loadConfig()[pri:0, instance:com.procam.test.UseRegistrationTest2@34abdee4]" started-at="2026-02-05T12:15:14 IST" name="loadConfig" finished-at="2026-02-05T12:15:14 IST" duration-ms="22" status="PASS">
          <reporter-output>
          </reporter-output>
        </test-method> <!-- loadConfig -->
        <test-method is-config="true" signature="setupReport()[pri:0, instance:com.procam.test.UseRegistrationTest2@34abdee4]" started-at="2026-02-05T12:15:14 IST" name="setupReport" finished-at="2026-02-05T12:15:14 IST" duration-ms="142" status="PASS">
          <reporter-output>
          </reporter-output>
        </test-method> <!-- setupReport -->
        <test-method is-config="true" signature="setup()[pri:0, instance:com.procam.test.UseRegistrationTest2@34abdee4]" started-at="2026-02-05T12:15:14 IST" name="setup" finished-at="2026-02-05T12:15:17 IST" duration-ms="2123" status="PASS">
          <reporter-output>
          </reporter-output>
        </test-method> <!-- setup -->
        <test-method signature="verifyLogin(java.util.Map,java.util.Map,java.util.Map,java.util.Map,java.util.Map,java.util.Map,java.util.Map)[pri:0, instance:com.procam.test.UseRegistrationTest2@34abdee4]" started-at="2026-02-05T12:15:18 IST" name="verifyLogin" data-provider="fullFlowData" finished-at="2026-02-05T12:15:55 IST" duration-ms="36159" status="FAIL">
          <params>
            <param index="0">
              <value>
                <![CDATA[{emailId=alok@4yopmail.com, otp=0, userType=myself}]]>
              </value>
            </param>
            <param index="1">
              <value>
                <![CDATA[{eventKey=TCSB_2026}]]>
              </value>
            </param>
            <param index="2">
              <value>
                <![CDATA[{lastName=Four, pincode=110019, mobileCode=91, address=121, Ansal Tower-38, Nehru Place, occupation=Student, gender=Male, addressDropdown=Nehru Place, runningClubOption=no, mobile=9876543204, searchRunningClub=mum, firstName=Alok, nationality=Indian, runningClub=Jio Mumbai Runners, dob=04-05-2004, middleName=, searchNationality=ind}]]>
              </value>
            </param>
            <param index="3">
              <value>
                <![CDATA[{participateOnGround=Yes, slamCycle=TCS W10K Bengaluru 2026-TMM 2027, idProofNumber=ALOKO1234F, emergencyMobile1=9876543215, emergencyMobile2=9876543225, idProofPathPAN=C:\\Users\\dewen\\Downloads\\Procam testing\\ProcamTest\\docs\\pan_card.jpg, participatingFirstTime=Yes, bibNumber=12005, criteriaType=WomenWithTiming, seconds=38, idProofPathAadhaar=C:\\Users\\dewen\\Downloads\\Procam testing\\ProcamTest\\docs\\aadhaar.png, procamSlamOptions=Yes, virtualEvent=No, searchEventName=ved, hearAbout=Online, raceDaySpecial=Yes, eventName=VEDANTA DELHI HALF MARATHON, virtualRaceCategory=Virtual 10K (10 KM), hours=1, tshirtSize=M, eventRaceCategory=10 Km, minutes=24, raceCategory=Open 10K (10 km), idProofType=PAN Card, transport=Car, selectTheReason=It's my Birthday, emergencyRelation2=Father, emergencyRelation1=Brother, timingCertLink=https://example.com, emergencyName1=Alok Fifteen, emergencyName2=Shyam Fifteen, profileImagePath=C:\Users\dewen\Downloads\Procam_Testing\Avatar_Images\John Four.jpg, eventDate=19-10-2025}]]>
              </value>
            </param>
            <param index="4">
              <value>
                <![CDATA[{addOns=No, addOnSize=M, panNo=ABCDE1234F, fundRaise=No, donation=No, searchCause=com, causeOfYourChoice=Common Pool, donationAmount=500, tgb=No, addOnName=Unisex Herringbone Polo -India Blue, nameOnPanCard=Mahi Six}]]>
              </value>
            </param>
            <param index="5">
              <value>
                <![CDATA[{Waiver5=Y, Waiver4=Y, TestCase=TC_01, GST_Option=Yes, Waiver3=Y, GST_Name=Alok Four Traders, Waiver2=Y, GST_Number=21ALOKO2222F9Z4, Waiver1=Y}]]>
              </value>
            </param>
            <param index="6">
              <value>
                <![CDATA[{paymentOption=Netbanking, NetBank=ICIC}]]>
              </value>
            </param>
          </params>
          <exception class="org.openqa.selenium.NoSuchElementException">
            <message>
              <![CDATA[no such element: Unable to locate element: {"method":"xpath","selector":"//label[contains(normalize-space(), "Women's Criteria (with prior timing certificate)")]"}
  (Session info: chrome=144.0.7559.112)
For documentation on this error, please visit: https://www.selenium.dev/documentation/webdriver/troubleshooting/errors#no-such-element-exception
Build info: version: '4.18.1', revision: 'b1d3319b48'
System info: os.name: 'Windows 11', os.arch: 'amd64', os.version: '10.0', java.version: '21.0.8'
Driver info: org.openqa.selenium.chrome.ChromeDriver
Command: [060caae895661f19df1c7e4629d38c2b, findElement {value=//label[contains(normalize-space(), "Women's Criteria (with prior timing certificate)")], using=xpath}]
Capabilities {acceptInsecureCerts: false, browserName: chrome, browserVersion: 144.0.7559.112, chrome: {chromedriverVersion: 144.0.7559.133 (7da823b1d59..., userDataDir: C:\Users\dewen\AppData\Loca...}, fedcm:accounts: true, goog:chromeOptions: {debuggerAddress: localhost:51790}, goog:processID: 22952, networkConnectionEnabled: false, pageLoadStrategy: normal, platformName: windows, proxy: Proxy(), se:cdp: ws://localhost:51790/devtoo..., se:cdpVersion: 144.0.7559.112, setWindowRect: true, strictFileInteractability: false, timeouts: {implicit: 0, pageLoad: 300000, script: 30000}, unhandledPromptBehavior: dismiss and notify, webauthn:extension:credBlob: true, webauthn:extension:largeBlob: true, webauthn:extension:minPinLength: true, webauthn:extension:prf: true, webauthn:virtualAuthenticators: true}
Session ID: 060caae895661f19df1c7e4629d38c2b]]>
            </message>
            <full-stacktrace>
              <![CDATA[org.openqa.selenium.NoSuchElementException: no such element: Unable to locate element: {"method":"xpath","selector":"//label[contains(normalize-space(), "Women's Criteria (with prior timing certificate)")]"}
  (Session info: chrome=144.0.7559.112)
For documentation on this error, please visit: https://www.selenium.dev/documentation/webdriver/troubleshooting/errors#no-such-element-exception
Build info: version: '4.18.1', revision: 'b1d3319b48'
System info: os.name: 'Windows 11', os.arch: 'amd64', os.version: '10.0', java.version: '21.0.8'
Driver info: org.openqa.selenium.chrome.ChromeDriver
Command: [060caae895661f19df1c7e4629d38c2b, findElement {value=//label[contains(normalize-space(), "Women's Criteria (with prior timing certificate)")], using=xpath}]
Capabilities {acceptInsecureCerts: false, browserName: chrome, browserVersion: 144.0.7559.112, chrome: {chromedriverVersion: 144.0.7559.133 (7da823b1d59..., userDataDir: C:\Users\dewen\AppData\Loca...}, fedcm:accounts: true, goog:chromeOptions: {debuggerAddress: localhost:51790}, goog:processID: 22952, networkConnectionEnabled: false, pageLoadStrategy: normal, platformName: windows, proxy: Proxy(), se:cdp: ws://localhost:51790/devtoo..., se:cdpVersion: 144.0.7559.112, setWindowRect: true, strictFileInteractability: false, timeouts: {implicit: 0, pageLoad: 300000, script: 30000}, unhandledPromptBehavior: dismiss and notify, webauthn:extension:credBlob: true, webauthn:extension:largeBlob: true, webauthn:extension:minPinLength: true, webauthn:extension:prf: true, webauthn:virtualAuthenticators: true}
Session ID: 060caae895661f19df1c7e4629d38c2b
at java.base/jdk.internal.reflect.DirectConstructorHandleAccessor.newInstance(DirectConstructorHandleAccessor.java:62)
at java.base/java.lang.reflect.Constructor.newInstanceWithCaller(Constructor.java:502)
at java.base/java.lang.reflect.Constructor.newInstance(Constructor.java:486)
at org.openqa.selenium.remote.ErrorCodec.decode(ErrorCodec.java:167)
at org.openqa.selenium.remote.codec.w3c.W3CHttpResponseCodec.decode(W3CHttpResponseCodec.java:138)
at org.openqa.selenium.remote.codec.w3c.W3CHttpResponseCodec.decode(W3CHttpResponseCodec.java:50)
at org.openqa.selenium.remote.HttpCommandExecutor.execute(HttpCommandExecutor.java:190)
at org.openqa.selenium.remote.service.DriverCommandExecutor.invokeExecute(DriverCommandExecutor.java:216)
at org.openqa.selenium.remote.service.DriverCommandExecutor.execute(DriverCommandExecutor.java:174)
at org.openqa.selenium.remote.RemoteWebDriver.execute(RemoteWebDriver.java:519)
at org.openqa.selenium.remote.ElementLocation$ElementFinder$2.findElement(ElementLocation.java:165)
at org.openqa.selenium.remote.ElementLocation.findElement(ElementLocation.java:59)
at org.openqa.selenium.remote.RemoteWebDriver.findElement(RemoteWebDriver.java:356)
at org.openqa.selenium.remote.RemoteWebDriver.findElement(RemoteWebDriver.java:350)
at org.openqa.selenium.support.pagefactory.DefaultElementLocator.findElement(DefaultElementLocator.java:68)
at org.openqa.selenium.support.pagefactory.internal.LocatingElementHandler.invoke(LocatingElementHandler.java:38)
at jdk.proxy2/jdk.proxy2.$Proxy33.getWrappedElement(Unknown Source)
at org.openqa.selenium.remote.internal.WebElementToJsonConverter.apply(WebElementToJsonConverter.java:50)
at java.base/java.util.stream.ReferencePipeline$3$1.accept(ReferencePipeline.java:197)
at java.base/java.util.Spliterators$ArraySpliterator.forEachRemaining(Spliterators.java:1024)
at java.base/java.util.stream.AbstractPipeline.copyInto(AbstractPipeline.java:509)
at java.base/java.util.stream.AbstractPipeline.wrapAndCopyInto(AbstractPipeline.java:499)
at java.base/java.util.stream.ReduceOps$ReduceOp.evaluateSequential(ReduceOps.java:921)
at java.base/java.util.stream.AbstractPipeline.evaluate(AbstractPipeline.java:234)
at java.base/java.util.stream.ReferencePipeline.collect(ReferencePipeline.java:682)
at org.openqa.selenium.remote.RemoteWebDriver.executeScript(RemoteWebDriver.java:462)
at com.procam.utils.CommonHelper.clickWithRetry(CommonHelper.java:257)
at com.procam.pageobjects.EventCriteriaPage.enterEventDetails(EventCriteriaPage.java:305)
at com.procam.test.UseRegistrationTest2.verifyLogin(UseRegistrationTest2.java:82)
at java.base/jdk.internal.reflect.DirectMethodHandleAccessor.invoke(DirectMethodHandleAccessor.java:103)
at java.base/java.lang.reflect.Method.invoke(Method.java:580)
at org.testng.internal.invokers.MethodInvocationHelper.invokeMethod(MethodInvocationHelper.java:141)
at org.testng.internal.invokers.TestInvoker.invokeMethod(TestInvoker.java:686)
at org.testng.internal.invokers.TestInvoker.invokeTestMethod(TestInvoker.java:230)
at org.testng.internal.invokers.MethodRunner.runInSequence(MethodRunner.java:63)
at org.testng.internal.invokers.TestInvoker$MethodInvocationAgent.invoke(TestInvoker.java:992)
at org.testng.internal.invokers.TestInvoker.invokeTestMethods(TestInvoker.java:203)
at org.testng.internal.invokers.TestMethodWorker.invokeTestMethods(TestMethodWorker.java:154)
at org.testng.internal.invokers.TestMethodWorker.run(TestMethodWorker.java:134)
at java.base/java.util.ArrayList.forEach(ArrayList.java:1596)
at org.testng.TestRunner.privateRun(TestRunner.java:739)
at org.testng.TestRunner.run(TestRunner.java:614)
at org.testng.SuiteRunner.runTest(SuiteRunner.java:421)
at org.testng.SuiteRunner.runSequentially(SuiteRunner.java:413)
at org.testng.SuiteRunner.privateRun(SuiteRunner.java:373)
at org.testng.SuiteRunner.run(SuiteRunner.java:312)
at org.testng.SuiteRunnerWorker.runSuite(SuiteRunnerWorker.java:52)
at org.testng.SuiteRunnerWorker.run(SuiteRunnerWorker.java:95)
at org.testng.TestNG.runSuitesSequentially(TestNG.java:1274)
at org.testng.TestNG.runSuitesLocally(TestNG.java:1208)
at org.testng.TestNG.runSuites(TestNG.java:1112)
at org.testng.TestNG.run(TestNG.java:1079)
at org.testng.remote.AbstractRemoteTestNG.run(AbstractRemoteTestNG.java:115)
at org.testng.remote.RemoteTestNG.initAndRun(RemoteTestNG.java:293)
at org.testng.remote.RemoteTestNG.main(RemoteTestNG.java:91)
]]>
            </full-stacktrace>
          </exception> <!-- org.openqa.selenium.NoSuchElementException -->
          <reporter-output>
          </reporter-output>
        </test-method> <!-- verifyLogin -->
        <test-method is-config="true" signature="closeSuite()[pri:0, instance:com.procam.test.UseRegistrationTest2@34abdee4]" started-at="2026-02-05T12:15:55 IST" name="closeSuite" finished-at="2026-02-05T12:15:55 IST" duration-ms="0" status="FAIL">
          <exception class="java.lang.NullPointerException">
            <message>
              <![CDATA[Cannot invoke "com.aventstack.extentreports.ExtentReports.flush()" because "com.procam.test.UseRegistrationTest2.extentReports" is null]]>
            </message>
            <full-stacktrace>
              <![CDATA[java.lang.NullPointerException: Cannot invoke "com.aventstack.extentreports.ExtentReports.flush()" because "com.procam.test.UseRegistrationTest2.extentReports" is null
at com.procam.test.UseRegistrationTest2.closeSuite(UseRegistrationTest2.java:162)
at java.base/jdk.internal.reflect.DirectMethodHandleAccessor.invoke(DirectMethodHandleAccessor.java:103)
at java.base/java.lang.reflect.Method.invoke(Method.java:580)
at org.testng.internal.invokers.MethodInvocationHelper.invokeMethod(MethodInvocationHelper.java:141)
at org.testng.internal.invokers.MethodInvocationHelper.invokeMethodConsideringTimeout(MethodInvocationHelper.java:71)
at org.testng.internal.invokers.ConfigInvoker.invokeConfigurationMethod(ConfigInvoker.java:400)
at org.testng.internal.invokers.ConfigInvoker.invokeConfigurations(ConfigInvoker.java:333)
at org.testng.SuiteRunner.privateRun(SuiteRunner.java:386)
at org.testng.SuiteRunner.run(SuiteRunner.java:312)
at org.testng.SuiteRunnerWorker.runSuite(SuiteRunnerWorker.java:52)
at org.testng.SuiteRunnerWorker.run(SuiteRunnerWorker.java:95)
at org.testng.TestNG.runSuitesSequentially(TestNG.java:1274)
at org.testng.TestNG.runSuitesLocally(TestNG.java:1208)
at org.testng.TestNG.runSuites(TestNG.java:1112)
at org.testng.TestNG.run(TestNG.java:1079)
at org.testng.remote.AbstractRemoteTestNG.run(AbstractRemoteTestNG.java:115)
at org.testng.remote.RemoteTestNG.initAndRun(RemoteTestNG.java:293)
at org.testng.remote.RemoteTestNG.main(RemoteTestNG.java:91)
]]>
            </full-stacktrace>
          </exception> <!-- java.lang.NullPointerException -->
          <reporter-output>
          </reporter-output>
        </test-method> <!-- closeSuite -->
        <test-method is-config="true" signature="tearDownReport()[pri:0, instance:com.procam.test.UseRegistrationTest2@34abdee4]" started-at="2026-02-05T12:15:55 IST" name="tearDownReport" finished-at="2026-02-05T12:15:55 IST" depends-on-methods="com.procam.test.UseRegistrationTest2.closeSuite" duration-ms="0" status="SKIP">
          <reporter-output>
          </reporter-output>
        </test-method> <!-- tearDownReport -->
      </class> <!-- com.procam.test.UseRegistrationTest2 -->
    </test> <!-- Default test -->
  </suite> <!-- Default suite -->
</testng-results>
