<?xml version="1.0" encoding="UTF-8"?>
<testng-results ignored="0" total="1" passed="1" failed="0" skipped="0">
  <reporter-output>
  </reporter-output>
  <suite started-at="2026-04-02T17:58:53 IST" name="Default suite" finished-at="2026-04-02T18:00:19 IST" duration-ms="86774">
    <groups>
    </groups>
    <test started-at="2026-04-02T17:58:53 IST" name="Default test" finished-at="2026-04-02T18:00:19 IST" duration-ms="86774">
      <class name="com.procam.test.UseRegistrationTest2">
        <test-method is-config="true" signature="loadConfig()[pri:0, instance:com.procam.test.UseRegistrationTest2@42257bdd]" started-at="2026-04-02T17:58:53 IST" name="loadConfig" finished-at="2026-04-02T17:58:53 IST" duration-ms="35" status="PASS">
          <reporter-output>
          </reporter-output>
        </test-method> <!-- loadConfig -->
        <test-method is-config="true" signature="setup()[pri:0, instance:com.procam.test.UseRegistrationTest2@42257bdd]" started-at="2026-04-02T17:58:53 IST" name="setup" finished-at="2026-04-02T17:58:56 IST" duration-ms="3427" status="PASS">
          <reporter-output>
          </reporter-output>
        </test-method> <!-- setup -->
        <test-method signature="verifyLogin(java.util.Map,java.util.Map,java.util.Map,java.util.Map,java.util.Map,java.util.Map,java.util.Map,java.util.Map,java.util.Map)[pri:0, instance:com.procam.test.UseRegistrationTest2@42257bdd]" started-at="2026-04-02T17:58:58 IST" name="verifyLogin" data-provider="fullFlowData" finished-at="2026-04-02T18:00:19 IST" duration-ms="80726" status="PASS">
          <params>
            <param index="0">
              <value>
                <![CDATA[{emailId=tcsf26-4@yopmail.com, otp=0, userType=myself}]]>
              </value>
            </param>
            <param index="1">
              <value>
                <![CDATA[{discountCode=MAILTESTCODE1}]]>
              </value>
            </param>
            <param index="2">
              <value>
                <![CDATA[{eventKey=TCSB_2026}]]>
              </value>
            </param>
            <param index="3">
              <value>
                <![CDATA[{lastName=Kumari, pincode=110019, mobileCode=91, address=121, Ansal Tower-38, Nehru Place, occupation=Student, gender=Female, addressDropdown=Nehru Place, runningClubOption=yes, mobile=9876543204, searchRunningClub=mum, firstName=Mahi, nationality=Indian, runningClub=Jio Mumbai Runners, dob=04-05-2004, middleName=, searchNationality=ind}]]>
              </value>
            </param>
            <param index="4">
              <value>
                <![CDATA[{participateOnGround=Yes, slamCycle=TCS W10K Bengaluru 2026-TMM 2027, idProofNumber=MAHIK1234F, emergencyMobile1=9876543215, emergencyMobile2=9876543225, idProofPathPAN=C:\\Users\\dewen\\Downloads\\Procam testing\\ProcamTest\\docs\\pan_card.jpg, participatingFirstTime=Yes, bibNumber=12005, criteriaType=TimedRunner, seconds=38, idProofPathAadhaar=C:\\Users\\dewen\\Downloads\\Procam testing\\ProcamTest\\docs\\aadhaar.png, procamSlamOptions=Yes, virtualEvent=No, searchEventName=ved, hearAbout=Online, exploreHotel=Yes, raceDaySpecial=Yes, eventName=VEDANTA DELHI HALF MARATHON, virtualRaceCategory=Virtual 10K (10 KM), hours=1, tshirtSize=M, eventRaceCategory=10 Km, minutes=24, raceCategory=Open 10K (10 km), idProofType=Pan, transport=Car, selectTheReason=It's my Birthday, emergencyRelation2=Father, emergencyRelation1=Brother, timingCertLink=https://example.com, emergencyName1=Mohan Kumar, emergencyName2=Shyam Kumar, isCriteria=yes, profileImagePath=C:\Users\dewen\Downloads\Procam_Testing\Avatar_Images\Pihu Ten.jpg, eventDate=19-10-2025}]]>
              </value>
            </param>
            <param index="5">
              <value>
                <![CDATA[{selectNgo=PF1, searchNgo=PF1, panNo=ABCDE1234F, fundRaise=no, donation=no, searchCause=com, causeOfYourChoice=Common Pool, donationAmount=500, tgb=No, nameOnPanCard=Mahi Six}]]>
              </value>
            </param>
            <param index="6">
              <value>
                <![CDATA[{addOns=No, addOnSize=M, addOnName=Unisex Herringbone Polo -India Blue}]]>
              </value>
            </param>
            <param index="7">
              <value>
                <![CDATA[{Waiver5=Y, Waiver4=Y, TestCase=TC_01, GST_Option=Yes, Waiver3=Y, GST_Name=Alok Four Traders, Waiver2=Y, GST_Number=21ALOKO2222F9Z4, Waiver1=Y}]]>
              </value>
            </param>
            <param index="8">
              <value>
                <![CDATA[{paymentOption=UPI options, paymentType=UPI}]]>
              </value>
            </param>
          </params>
          <reporter-output>
          </reporter-output>
        </test-method> <!-- verifyLogin -->
      </class> <!-- com.procam.test.UseRegistrationTest2 -->
    </test> <!-- Default test -->
  </suite> <!-- Default suite -->
</testng-results>
