<?xml version="1.0" encoding="UTF-8"?>
<testng-results ignored="0" total="1" passed="1" failed="0" skipped="0">
  <reporter-output>
  </reporter-output>
  <suite started-at="2025-11-28T10:50:16 IST" name="Default suite" finished-at="2025-11-28T10:50:44 IST" duration-ms="27628">
    <groups>
    </groups>
    <test started-at="2025-11-28T10:50:16 IST" name="Default test" finished-at="2025-11-28T10:50:44 IST" duration-ms="27628">
      <class name="com.procam.LoginPageTest">
        <test-method is-config="true" signature="loadConfig()[pri:0, instance:com.procam.LoginPageTest@78452606]" started-at="2025-11-28T10:50:16 IST" name="loadConfig" finished-at="2025-11-28T10:50:16 IST" duration-ms="17" status="PASS">
          <reporter-output>
          </reporter-output>
        </test-method> <!-- loadConfig -->
        <test-method is-config="true" signature="setup()[pri:0, instance:com.procam.LoginPageTest@78452606]" started-at="2025-11-28T10:50:17 IST" name="setup" finished-at="2025-11-28T10:50:18 IST" duration-ms="1945" status="PASS">
          <reporter-output>
          </reporter-output>
        </test-method> <!-- setup -->
        <test-method signature="verifyLogin()[pri:0, instance:com.procam.LoginPageTest@78452606]" started-at="2025-11-28T10:50:19 IST" name="verifyLogin" finished-at="2025-11-28T10:50:44 IST" duration-ms="25552" status="PASS">
          <reporter-output>
          </reporter-output>
        </test-method> <!-- verifyLogin -->
      </class> <!-- com.procam.LoginPageTest -->
    </test> <!-- Default test -->
  </suite> <!-- Default suite -->
</testng-results>
