<?xml version="1.0" encoding="UTF-8"?>
<testng-results ignored="0" total="1" passed="1" failed="0" skipped="0">
  <reporter-output>
  </reporter-output>
  <suite started-at="2026-02-16T12:05:02 IST" name="Default suite" finished-at="2026-02-16T12:05:40 IST" duration-ms="38475">
    <groups>
    </groups>
    <test started-at="2026-02-16T12:05:02 IST" name="Default test" finished-at="2026-02-16T12:05:40 IST" duration-ms="38475">
      <class name="com.procam.test.UserLoginTest">
        <test-method is-config="true" signature="loadConfig()[pri:0, instance:com.procam.test.UserLoginTest@3deb2326]" started-at="2026-02-16T12:05:02 IST" name="loadConfig" finished-at="2026-02-16T12:05:02 IST" duration-ms="59" status="PASS">
          <reporter-output>
          </reporter-output>
        </test-method> <!-- loadConfig -->
        <test-method is-config="true" signature="setup()[pri:0, instance:com.procam.test.UserLoginTest@3deb2326]" started-at="2026-02-16T12:05:02 IST" name="setup" finished-at="2026-02-16T12:05:13 IST" duration-ms="10201" status="PASS">
          <reporter-output>
          </reporter-output>
        </test-method> <!-- setup -->
        <test-method signature="verifyLogin(java.util.Map)[pri:0, instance:com.procam.test.UserLoginTest@3deb2326]" started-at="2026-02-16T12:05:13 IST" name="verifyLogin" data-provider="loginData" finished-at="2026-02-16T12:05:40 IST" duration-ms="27095" status="PASS">
          <params>
            <param index="0">
              <value>
                <![CDATA[{emailId=mahi5@yopmail.com, otp=0, userType=myself}]]>
              </value>
            </param>
          </params>
          <reporter-output>
          </reporter-output>
        </test-method> <!-- verifyLogin -->
        <test-method is-config="true" signature="tearDown()[pri:0, instance:com.procam.test.UserLoginTest@3deb2326]" started-at="2026-02-16T12:05:40 IST" name="tearDown" finished-at="2026-02-16T12:05:40 IST" duration-ms="210" status="PASS">
          <reporter-output>
          </reporter-output>
        </test-method> <!-- tearDown -->
        <test-method is-config="true" signature="closeSuit()[pri:0, instance:com.procam.test.UserLoginTest@3deb2326]" started-at="2026-02-16T12:05:40 IST" name="closeSuit" finished-at="2026-02-16T12:05:40 IST" duration-ms="1" status="PASS">
          <reporter-output>
          </reporter-output>
        </test-method> <!-- closeSuit -->
      </class> <!-- com.procam.test.UserLoginTest -->
    </test> <!-- Default test -->
  </suite> <!-- Default suite -->
</testng-results>
