<?xml version="1.0" encoding="UTF-8"?>
<testng-results ignored="0" total="1" passed="0" failed="1" skipped="0">
  <reporter-output>
  </reporter-output>
  <suite started-at="2025-12-31T13:18:54 IST" name="Default suite" finished-at="2025-12-31T13:20:53 IST" duration-ms="119156">
    <groups>
    </groups>
    <test started-at="2025-12-31T13:18:54 IST" name="Default test" finished-at="2025-12-31T13:20:53 IST" duration-ms="119156">
      <class name="com.procam.LoginPageTest">
        <test-method is-config="true" signature="loadConfig()[pri:0, instance:com.procam.LoginPageTest@3e2055d6]" started-at="2025-12-31T13:18:54 IST" name="loadConfig" finished-at="2025-12-31T13:18:54 IST" duration-ms="13" status="PASS">
          <reporter-output>
          </reporter-output>
        </test-method> <!-- loadConfig -->
        <test-method is-config="true" signature="setup()[pri:0, instance:com.procam.LoginPageTest@3e2055d6]" started-at="2025-12-31T13:18:54 IST" name="setup" finished-at="2025-12-31T13:18:56 IST" duration-ms="2091" status="PASS">
          <reporter-output>
          </reporter-output>
        </test-method> <!-- setup -->
        <test-method is-config="true" signature="launchApp()[pri:0, instance:com.procam.LoginPageTest@3e2055d6]" started-at="2025-12-31T13:18:59 IST" name="launchApp" finished-at="2025-12-31T13:19:01 IST" duration-ms="1853" status="PASS">
          <reporter-output>
          </reporter-output>
        </test-method> <!-- launchApp -->
        <test-method signature="verifyLogin(java.util.Map,java.util.Map,java.util.Map,java.util.Map,java.util.Map,java.util.Map,java.util.Map)[pri:0, instance:com.procam.LoginPageTest@3e2055d6]" started-at="2025-12-31T13:19:01 IST" name="verifyLogin" data-provider="fullFlowData" finished-at="2025-12-31T13:20:53 IST" duration-ms="112115" status="FAIL">
          <params>
            <param index="0">
              <value>
                <![CDATA[{emailId=mahi6@yopmail.com, otp=0, userType=myself}]]>
              </value>
            </param>
            <param index="1">
              <value>
                <![CDATA[{eventKey=TMM_2026}]]>
              </value>
            </param>
            <param index="2">
              <value>
                <![CDATA[{lastName=Six, pincode=110019, mobileCode=91, address=121, Ansal Tower-38, occupation=Student, gender=Female, addressDropdown=Nehru Place, mobile=9876543206, firstName=Mahi, nationality=Indian, runningClub=No, dob=01-03-2001, middleName=}]]>
              </value>
            </param>
            <param index="3">
              <value>
                <![CDATA[{participateOnGround=Yes, idProofNumber=MAHIF1234F, emergencyMobile1=9876543225, emergencyMobile2=9876543215, idProofPathPAN=C:\\Users\\dewen\\Downloads\\Procam testing\\ProcamTest\\docs\\pan_card.jpg, bibNumber=12005, criteriaType=WomenWithTiming, seconds=38, idProofPathAadhaar=C:\\Users\\dewen\\Downloads\\Procam testing\\ProcamTest\\docs\\aadhaar.png, virtualEvent=No, hearAbout=Online, raceDaySpecial=Yes, eventName=Vedanta DHM 2025, virtualRaceCategory=Virtual 10K (10 KM), hours=1, eventRaceCategory=10 Km, minutes=24, raceCategory=Open 10K (10 km), idProofType=PAN Card, transport=Car, selectTheReason=It's my Birthday, emergencyRelation2=Father, emergencyRelation1=Mother, timingCertLink=https://example.com, emergencyName1=Mahi Fifteen, emergencyName2=Shyam Fifteen, profileImagePath=C:\Users\dewen\Downloads\Procam_Testing\Avatar_Images\Pihu Five.jpg, eventDate=19-10-2025}]]>
              </value>
            </param>
            <param index="4">
              <value>
                <![CDATA[{donation=No, addOns=No, addOnSize=M, fundRaise=No, tgb=No, addOnName=Unisex Herringbone Polo -India Blue}]]>
              </value>
            </param>
            <param index="5">
              <value>
                <![CDATA[{Waiver5=Y, Waiver4=Y, TestCase=TC_01, GST_Option=Yes, Waiver3=Y, GST_Name=Mahi Six Traders, Waiver2=Y, GST_Number=21MAHIF2222F9Z4, Waiver1=Y}]]>
              </value>
            </param>
            <param index="6">
              <value>
                <![CDATA[{paymentOption=Netbanking}]]>
              </value>
            </param>
          </params>
          <exception class="org.openqa.selenium.TimeoutException">
            <message>
              <![CDATA[Expected condition failed: waiting for visibility of Proxy element for: DefaultElementLocator 'By.xpath: //input[@name='eventName']' (tried for 7 second(s) with 500 milliseconds interval)]]>
            </message>
            <full-stacktrace>
              <![CDATA[org.openqa.selenium.TimeoutException: Expected condition failed: waiting for visibility of Proxy element for: DefaultElementLocator 'By.xpath: //input[@name='eventName']' (tried for 7 second(s) with 500 milliseconds interval)
at org.openqa.selenium.support.ui.WebDriverWait.timeoutException(WebDriverWait.java:84)
at org.openqa.selenium.support.ui.FluentWait.until(FluentWait.java:228)
at com.procam.utils.WaitHelper.waitForVisible(WaitHelper.java:21)
at com.procam.pageobjects.EventCriteriaPage.enterEventDetails(EventCriteriaPage.java:211)
at com.procam.LoginPageTest.verifyLogin(LoginPageTest.java:70)
at java.base/jdk.internal.reflect.DirectMethodHandleAccessor.invoke(DirectMethodHandleAccessor.java:103)
at java.base/java.lang.reflect.Method.invoke(Method.java:580)
at org.testng.internal.invokers.MethodInvocationHelper.invokeMethod(MethodInvocationHelper.java:141)
at org.testng.internal.invokers.TestInvoker.invokeMethod(TestInvoker.java:686)
at org.testng.internal.invokers.TestInvoker.invokeTestMethod(TestInvoker.java:230)
at org.testng.internal.invokers.MethodRunner.runInSequence(MethodRunner.java:63)
at org.testng.internal.invokers.TestInvoker$MethodInvocationAgent.invoke(TestInvoker.java:992)
at org.testng.internal.invokers.TestInvoker.invokeTestMethods(TestInvoker.java:203)
at org.testng.internal.invokers.TestMethodWorker.invokeTestMethods(TestMethodWorker.java:154)
at org.testng.internal.invokers.TestMethodWorker.run(TestMethodWorker.java:134)
at java.base/java.util.ArrayList.forEach(ArrayList.java:1596)
at org.testng.TestRunner.privateRun(TestRunner.java:739)
at org.testng.TestRunner.run(TestRunner.java:614)
at org.testng.SuiteRunner.runTest(SuiteRunner.java:421)
at org.testng.SuiteRunner.runSequentially(SuiteRunner.java:413)
at org.testng.SuiteRunner.privateRun(SuiteRunner.java:373)
at org.testng.SuiteRunner.run(SuiteRunner.java:312)
at org.testng.SuiteRunnerWorker.runSuite(SuiteRunnerWorker.java:52)
at org.testng.SuiteRunnerWorker.run(SuiteRunnerWorker.java:95)
at org.testng.TestNG.runSuitesSequentially(TestNG.java:1274)
at org.testng.TestNG.runSuitesLocally(TestNG.java:1208)
at org.testng.TestNG.runSuites(TestNG.java:1112)
at org.testng.TestNG.run(TestNG.java:1079)
at org.testng.remote.AbstractRemoteTestNG.run(AbstractRemoteTestNG.java:115)
at org.testng.remote.RemoteTestNG.initAndRun(RemoteTestNG.java:293)
at org.testng.remote.RemoteTestNG.main(RemoteTestNG.java:91)
Caused by: org.openqa.selenium.NoSuchElementException: no such element: Unable to locate element: {"method":"xpath","selector":"//input[@name='eventName']"}
  (Session info: chrome=143.0.7499.170)
For documentation on this error, please visit: https://www.selenium.dev/documentation/webdriver/troubleshooting/errors#no-such-element-exception
Build info: version: '4.18.1', revision: 'b1d3319b48'
System info: os.name: 'Windows 11', os.arch: 'amd64', os.version: '10.0', java.version: '21.0.8'
Driver info: org.openqa.selenium.chrome.ChromeDriver
Command: [b34d7edf0850265d7967e3650f661354, findElement {using=xpath, value=//input[@name='eventName']}]
Capabilities {acceptInsecureCerts: false, browserName: chrome, browserVersion: 143.0.7499.170, chrome: {chromedriverVersion: 143.0.7499.169 (164b20aab62..., userDataDir: C:\Users\dewen\AppData\Loca...}, fedcm:accounts: true, goog:chromeOptions: {debuggerAddress: localhost:59059}, goog:processID: 24888, networkConnectionEnabled: false, pageLoadStrategy: normal, platformName: windows, proxy: Proxy(), se:cdp: ws://localhost:59059/devtoo..., se:cdpVersion: 143.0.7499.170, setWindowRect: true, strictFileInteractability: false, timeouts: {implicit: 0, pageLoad: 300000, script: 30000}, unhandledPromptBehavior: dismiss and notify, webauthn:extension:credBlob: true, webauthn:extension:largeBlob: true, webauthn:extension:minPinLength: true, webauthn:extension:prf: true, webauthn:virtualAuthenticators: true}
Session ID: b34d7edf0850265d7967e3650f661354
at java.base/jdk.internal.reflect.DirectConstructorHandleAccessor.newInstance(DirectConstructorHandleAccessor.java:62)
at java.base/java.lang.reflect.Constructor.newInstanceWithCaller(Constructor.java:502)
at java.base/java.lang.reflect.Constructor.newInstance(Constructor.java:486)
at org.openqa.selenium.remote.ErrorCodec.decode(ErrorCodec.java:167)
at org.openqa.selenium.remote.codec.w3c.W3CHttpResponseCodec.decode(W3CHttpResponseCodec.java:138)
at org.openqa.selenium.remote.codec.w3c.W3CHttpResponseCodec.decode(W3CHttpResponseCodec.java:50)
at org.openqa.selenium.remote.HttpCommandExecutor.execute(HttpCommandExecutor.java:190)
at org.openqa.selenium.remote.service.DriverCommandExecutor.invokeExecute(DriverCommandExecutor.java:216)
at org.openqa.selenium.remote.service.DriverCommandExecutor.execute(DriverCommandExecutor.java:174)
at org.openqa.selenium.remote.RemoteWebDriver.execute(RemoteWebDriver.java:519)
at org.openqa.selenium.remote.ElementLocation$ElementFinder$2.findElement(ElementLocation.java:165)
at org.openqa.selenium.remote.ElementLocation.findElement(ElementLocation.java:59)
at org.openqa.selenium.remote.RemoteWebDriver.findElement(RemoteWebDriver.java:356)
at org.openqa.selenium.remote.RemoteWebDriver.findElement(RemoteWebDriver.java:350)
at org.openqa.selenium.support.pagefactory.DefaultElementLocator.findElement(DefaultElementLocator.java:68)
at org.openqa.selenium.support.pagefactory.internal.LocatingElementHandler.invoke(LocatingElementHandler.java:38)
at jdk.proxy2/jdk.proxy2.$Proxy25.isDisplayed(Unknown Source)
at org.openqa.selenium.support.ui.ExpectedConditions.elementIfVisible(ExpectedConditions.java:304)
at org.openqa.selenium.support.ui.ExpectedConditions$10.apply(ExpectedConditions.java:290)
at org.openqa.selenium.support.ui.ExpectedConditions$10.apply(ExpectedConditions.java:287)
at org.openqa.selenium.support.ui.FluentWait.until(FluentWait.java:203)
... 29 more
]]>
            </full-stacktrace>
          </exception> <!-- org.openqa.selenium.TimeoutException -->
          <reporter-output>
          </reporter-output>
        </test-method> <!-- verifyLogin -->
        <test-method is-config="true" signature="closeApp()[pri:0, instance:com.procam.LoginPageTest@3e2055d6]" started-at="2025-12-31T13:20:53 IST" name="closeApp" finished-at="2025-12-31T13:20:53 IST" duration-ms="209" status="PASS">
          <reporter-output>
          </reporter-output>
        </test-method> <!-- closeApp -->
        <test-method is-config="true" signature="closeSuite()[pri:0, instance:com.procam.LoginPageTest@3e2055d6]" started-at="2025-12-31T13:20:53 IST" name="closeSuite" finished-at="2025-12-31T13:20:53 IST" duration-ms="2" status="FAIL">
          <exception class="java.lang.NullPointerException">
            <message>
              <![CDATA[Cannot invoke "com.aventstack.extentreports.ExtentReports.flush()" because "com.procam.LoginPageTest.extentReports" is null]]>
            </message>
            <full-stacktrace>
              <![CDATA[java.lang.NullPointerException: Cannot invoke "com.aventstack.extentreports.ExtentReports.flush()" because "com.procam.LoginPageTest.extentReports" is null
at com.procam.LoginPageTest.closeSuite(LoginPageTest.java:148)
at java.base/jdk.internal.reflect.DirectMethodHandleAccessor.invoke(DirectMethodHandleAccessor.java:103)
at java.base/java.lang.reflect.Method.invoke(Method.java:580)
at org.testng.internal.invokers.MethodInvocationHelper.invokeMethod(MethodInvocationHelper.java:141)
at org.testng.internal.invokers.MethodInvocationHelper.invokeMethodConsideringTimeout(MethodInvocationHelper.java:71)
at org.testng.internal.invokers.ConfigInvoker.invokeConfigurationMethod(ConfigInvoker.java:400)
at org.testng.internal.invokers.ConfigInvoker.invokeConfigurations(ConfigInvoker.java:333)
at org.testng.SuiteRunner.privateRun(SuiteRunner.java:386)
at org.testng.SuiteRunner.run(SuiteRunner.java:312)
at org.testng.SuiteRunnerWorker.runSuite(SuiteRunnerWorker.java:52)
at org.testng.SuiteRunnerWorker.run(SuiteRunnerWorker.java:95)
at org.testng.TestNG.runSuitesSequentially(TestNG.java:1274)
at org.testng.TestNG.runSuitesLocally(TestNG.java:1208)
at org.testng.TestNG.runSuites(TestNG.java:1112)
at org.testng.TestNG.run(TestNG.java:1079)
at org.testng.remote.AbstractRemoteTestNG.run(AbstractRemoteTestNG.java:115)
at org.testng.remote.RemoteTestNG.initAndRun(RemoteTestNG.java:293)
at org.testng.remote.RemoteTestNG.main(RemoteTestNG.java:91)
]]>
            </full-stacktrace>
          </exception> <!-- java.lang.NullPointerException -->
          <reporter-output>
          </reporter-output>
        </test-method> <!-- closeSuite -->
      </class> <!-- com.procam.LoginPageTest -->
    </test> <!-- Default test -->
  </suite> <!-- Default suite -->
</testng-results>
