<?xml version="1.0" encoding="UTF-8"?>
<!-- Generated by org.testng.reporters.JUnitReportReporter -->
<testsuite hostname="Dewendra" failures="0" tests="2" name="com.demo.challenge.day4.HomePageTest" time="0.103" errors="0" timestamp="2026-03-10T16:21:14 IST" skipped="0">
  <testcase classname="com.demo.challenge.day4.HomePageTest" name="contaceTest" time="0.072"/>
  <testcase classname="com.demo.challenge.day4.HomePageTest" name="headerTest" time="0.031"/>
</testsuite> <!-- com.demo.challenge.day4.HomePageTest -->
